<?xml version="1.0" encoding="UTF-8"?>
<!-- Generated by org.testng.reporters.JUnitReportReporter -->
<testsuite hostname="ASCINLAP60845" failures="0" tests="1" name="com.unacademy.testng.Unacademy" time="62.447" errors="0" timestamp="2024-12-02T14:08:15 IST" skipped="0">
  <testcase classname="com.unacademy.testng.Unacademy" name="f" time="62.447"/>
  <system-out/>
</testsuite> <!-- com.unacademy.testng.Unacademy -->
